[14:05:01] [ServerMain/INFO]: [bootstrap] Running Java 21 (OpenJDK 64-Bit Server VM 21.0.7+6-LTS; Eclipse Adoptium Temurin-21.0.7+6) on Windows 11 10.0 (amd64)
[14:05:01] [ServerMain/INFO]: [bootstrap] Loading Paper 1.21.6-48-main@4d854e6 (2025-06-30T09:48:37Z) for Minecraft 1.21.6
[14:05:02] [ServerMain/INFO]: [PluginInitializerManager] Initializing plugins...
[14:05:03] [ServerMain/INFO]: [PluginInitializerManager] Initialized 2 plugins
[14:05:03] [ServerMain/INFO]: [PluginInitializerManager] Bukkit plugins (2):
 - LlamaRider (1.0), packetevents (2.9.0+1b5479f04-SNAPSHOT)
[14:05:09] [ServerMain/INFO]: Environment: Environment[sessionHost=https://sessionserver.mojang.com, servicesHost=https://api.minecraftservices.com, name=PROD]
[14:05:09] [ServerMain/INFO]: Found new data pack file/bukkit, loading it automatically
[14:05:09] [ServerMain/INFO]: Found new data pack paper, loading it automatically
[14:05:11] [ServerMain/INFO]: No existing world data, creating new world
[14:05:12] [ServerMain/INFO]: Loaded 1407 recipes
[14:05:12] [ServerMain/INFO]: Loaded 1520 advancements
[14:05:12] [ServerMain/INFO]: [ca.spottedleaf.dataconverter.minecraft.datatypes.MCTypeRegistry] Initialising converters for DataConverter...
[14:05:13] [ServerMain/INFO]: [ca.spottedleaf.dataconverter.minecraft.datatypes.MCTypeRegistry] Finished initialising converters for DataConverter in 471,3ms
[14:05:13] [Server thread/INFO]: Starting minecraft server version 1.21.6
[14:05:13] [Server thread/INFO]: Loading properties
[14:05:13] [Server thread/INFO]: This server is running Paper version 1.21.6-48-main@4d854e6 (2025-06-30T09:48:37Z) (Implementing API version 1.21.6-R0.1-SNAPSHOT)
[14:05:13] [Server thread/INFO]: [spark] This server bundles the spark profiler. For more information please visit https://docs.papermc.io/paper/profiling
[14:05:13] [Server thread/INFO]: Server Ping Player Sample Count: 12
[14:05:13] [Server thread/INFO]: Using 4 threads for Netty based IO
[14:05:14] [Server thread/INFO]: [MoonriseCommon] Paper is using 3 worker threads, 1 I/O threads
[14:05:14] [Server thread/INFO]: [ChunkTaskScheduler] Chunk system is using population gen parallelism: true
[14:05:14] [Server thread/INFO]: Default game type: SURVIVAL
[14:05:14] [Server thread/INFO]: Generating keypair
[14:05:14] [Server thread/INFO]: Starting Minecraft server on *:25565
[14:05:14] [Server thread/INFO]: Using default channel type
[14:05:14] [Server thread/INFO]: Paper: Using Java compression from Velocity.
[14:05:14] [Server thread/INFO]: Paper: Using Java cipher from Velocity.
[14:05:14] [Server thread/INFO]: [LlamaRider] Loading server plugin LlamaRider v1.0
[14:05:14] [Server thread/INFO]: [packetevents] Loading server plugin packetevents v2.9.0+1b5479f04-SNAPSHOT
[14:05:16] [Server thread/INFO]: Server permissions file permissions.yml is empty, ignoring it
[14:05:16] [Server thread/WARN]: **** SERVER IS RUNNING IN OFFLINE/INSECURE MODE!
[14:05:16] [Server thread/WARN]: The server will make no attempt to authenticate usernames. Beware.
[14:05:16] [Server thread/WARN]: While this makes the game possible to play without internet access, it also opens up the ability for hackers to connect with any username they choose.
[14:05:16] [Server thread/WARN]: To change this, set "online-mode" to "true" in the server.properties file.
[14:05:16] [Server thread/INFO]: Preparing level "world"
[14:05:22] [Server thread/INFO]: Preparing start region for dimension minecraft:overworld
[14:05:22] [Server thread/INFO]: Preparing spawn area: 0%
[14:05:23] [Server thread/INFO]: Preparing spawn area: 2%
[14:05:23] [Server thread/INFO]: Preparing spawn area: 2%
[14:05:24] [Server thread/INFO]: Preparing spawn area: 2%
[14:05:24] [Server thread/INFO]: Preparing spawn area: 8%
[14:05:25] [Server thread/INFO]: Preparing spawn area: 8%
[14:05:25] [Server thread/INFO]: Preparing spawn area: 18%
[14:05:26] [Server thread/INFO]: Preparing spawn area: 18%
[14:05:26] [Server thread/INFO]: Preparing spawn area: 71%
[14:05:27] [Server thread/INFO]: Time elapsed: 4380 ms
[14:05:27] [Server thread/INFO]: Preparing start region for dimension minecraft:the_nether
[14:05:27] [Server thread/INFO]: Preparing spawn area: 2%
[14:05:27] [Server thread/INFO]: Preparing spawn area: 4%
[14:05:28] [Server thread/INFO]: Preparing spawn area: 59%
[14:05:28] [Server thread/INFO]: Time elapsed: 1085 ms
[14:05:28] [Server thread/INFO]: Preparing start region for dimension minecraft:the_end
[14:05:28] [Server thread/INFO]: Preparing spawn area: 2%
[14:05:28] [Server thread/INFO]: Time elapsed: 284 ms
[14:05:28] [Server thread/INFO]: [LlamaRider] Enabling LlamaRider v1.0
[14:05:28] [Server thread/INFO]: [LlamaRider] LlamaRiding Plugin został włączony!
[14:05:28] [Server thread/INFO]: [packetevents] Enabling packetevents v2.9.0+1b5479f04-SNAPSHOT
[14:05:28] [packetevents-update-check-thread/INFO]: [packetevents] Checking for updates, please wait...
[14:05:28] [Server thread/INFO]: [spark] Starting background profiler...
[14:05:28] [Server thread/INFO]: [spark] The async-profiler engine is not supported for your os/arch (windows11/amd64), so the built-in Java engine will be used instead.
[14:05:28] [Server thread/INFO]: Done preparing level "world" (12.454s)
[14:05:28] [Server thread/INFO]: Running delayed init tasks
[14:05:28] [Server thread/INFO]: Done (27.748s)! For help, type "help"
[14:05:28] [packetevents-update-check-thread/INFO]: [packetevents] There is an update available for PacketEvents! Your build: (2.9.0+1b5479f04-SNAPSHOT) | Latest release: (2.9.4)
